This file contains any messages produced by compilers while
running configure, to aid debugging if configure makes a mistake.

It was created by configure, which was
generated by GNU Autoconf 2.64.  Invocation command line was

  $ ../newlib-1.18.0/configure --target=x86_64-unknown-linux --prefix=/scratch/soham/exp_newlibc/install-newlib-clang-linux CFLAGS_FOR_TARGET= -O0  CC_FOR_TARGET=/scratch/soham/llvm/llvm5/build/bin/clang --target=x86_64-unknown-linux-elf -ffreestanding -Wl,-undefined,dynamic_lookup AR_FOR_TARGET=/scratch/soham/llvm/llvm5/build/bin/llvm-ar RANLIB_FOR_TARGET=/scratch/soham/llvm/llvm5/build/bin/llvm-ranlib LD_FOR_TARGET=/scratch/soham/llvm/llvm5/build/bin/llvm-ld.lld NM_FOR_TARGET=/scratch/soham/llvm/llvm5/build/bin/llvm-nm

## --------- ##
## Platform. ##
## --------- ##

hostname = mrbig.bu.edu
uname -m = x86_64
uname -r = 3.10.0-693.17.1.el7.x86_64
uname -s = Linux
uname -v = #1 SMP Thu Jan 25 20:13:58 UTC 2018

/usr/bin/uname -p = x86_64
/bin/uname -X     = unknown

/bin/arch              = x86_64
/usr/bin/arch -k       = unknown
/usr/convex/getsysinfo = unknown
/usr/bin/hostinfo      = unknown
/bin/machine           = unknown
/usr/bin/oslevel       = unknown
/bin/universe          = unknown

PATH: /opt/automake-1.11/bin
PATH: /opt/autoconf-2.63/bin
PATH: /scratch/soham/llvm/llvm5/build/bin
PATH: /usr/local/texlive/2017/bin/x86_64-linux
PATH: /usr/lib64/qt-3.3/bin
PATH: /usr/local/bin
PATH: /usr/bin
PATH: /usr/local/sbin
PATH: /usr/sbin
PATH: /usr/local/IT/bin
PATH: /home/grad2/soham1/bin


## ----------- ##
## Core tests. ##
## ----------- ##

configure:2428: checking build system type
configure:2442: result: x86_64-unknown-linux-gnu
configure:2489: checking host system type
configure:2502: result: x86_64-unknown-linux-gnu
configure:2522: checking target system type
configure:2535: result: x86_64-unknown-linux-gnu
configure:2589: checking for a BSD-compatible install
configure:2657: result: /usr/bin/install -c
configure:2668: checking whether ln works
configure:2690: result: yes
configure:2694: checking whether ln -s works
configure:2698: result: yes
configure:2705: checking for a sed that does not truncate output
configure:2769: result: /usr/bin/sed
configure:2778: checking for gawk
configure:2794: found /usr/bin/gawk
configure:2805: result: gawk
configure:4034: checking for gcc
configure:4050: found /usr/bin/gcc
configure:4061: result: gcc
configure:4290: checking for C compiler version
configure:4299: gcc --version >&5
gcc (GCC) 4.8.5 20150623 (Red Hat 4.8.5-16)
Copyright (C) 2015 Free Software Foundation, Inc.
This is free software; see the source for copying conditions.  There is NO
warranty; not even for MERCHANTABILITY or FITNESS FOR A PARTICULAR PURPOSE.

configure:4310: $? = 0
configure:4299: gcc -v >&5
Using built-in specs.
COLLECT_GCC=gcc
COLLECT_LTO_WRAPPER=/usr/libexec/gcc/x86_64-redhat-linux/4.8.5/lto-wrapper
Target: x86_64-redhat-linux
Configured with: ../configure --prefix=/usr --mandir=/usr/share/man --infodir=/usr/share/info --with-bugurl=http://bugzilla.redhat.com/bugzilla --enable-bootstrap --enable-shared --enable-threads=posix --enable-checking=release --with-system-zlib --enable-__cxa_atexit --disable-libunwind-exceptions --enable-gnu-unique-object --enable-linker-build-id --with-linker-hash-style=gnu --enable-languages=c,c++,objc,obj-c++,java,fortran,ada,go,lto --enable-plugin --enable-initfini-array --disable-libgcj --with-isl=/builddir/build/BUILD/gcc-4.8.5-20150702/obj-x86_64-redhat-linux/isl-install --with-cloog=/builddir/build/BUILD/gcc-4.8.5-20150702/obj-x86_64-redhat-linux/cloog-install --enable-gnu-indirect-function --with-tune=generic --with-arch_32=x86-64 --build=x86_64-redhat-linux
Thread model: posix
gcc version 4.8.5 20150623 (Red Hat 4.8.5-16) (GCC) 
configure:4310: $? = 0
configure:4299: gcc -V >&5
gcc: error: unrecognized command line option '-V'
gcc: fatal error: no input files
compilation terminated.
configure:4310: $? = 4
configure:4299: gcc -qversion >&5
gcc: error: unrecognized command line option '-qversion'
gcc: fatal error: no input files
compilation terminated.
configure:4310: $? = 4
configure:4330: checking for C compiler default output file name
configure:4352: gcc    conftest.c  >&5
configure:4356: $? = 0
configure:4393: result: a.out
configure:4409: checking whether the C compiler works
configure:4418: ./a.out
configure:4422: $? = 0
configure:4437: result: yes
configure:4444: checking whether we are cross compiling
configure:4446: result: no
configure:4449: checking for suffix of executables
configure:4456: gcc -o conftest    conftest.c  >&5
configure:4460: $? = 0
configure:4482: result: 
configure:4488: checking for suffix of object files
configure:4510: gcc -c   conftest.c >&5
configure:4514: $? = 0
configure:4535: result: o
configure:4539: checking whether we are using the GNU C compiler
configure:4558: gcc -c   conftest.c >&5
configure:4558: $? = 0
configure:4567: result: yes
configure:4576: checking whether gcc accepts -g
configure:4596: gcc -c -g  conftest.c >&5
configure:4596: $? = 0
configure:4637: result: yes
configure:4654: checking for gcc option to accept ISO C89
configure:4718: gcc  -c -g -O2  conftest.c >&5
configure:4718: $? = 0
configure:4731: result: none needed
configure:4809: checking for g++
configure:4825: found /usr/bin/g++
configure:4836: result: g++
configure:4863: checking for C++ compiler version
configure:4872: g++ --version >&5
g++ (GCC) 4.8.5 20150623 (Red Hat 4.8.5-16)
Copyright (C) 2015 Free Software Foundation, Inc.
This is free software; see the source for copying conditions.  There is NO
warranty; not even for MERCHANTABILITY or FITNESS FOR A PARTICULAR PURPOSE.

configure:4883: $? = 0
configure:4872: g++ -v >&5
Using built-in specs.
COLLECT_GCC=g++
COLLECT_LTO_WRAPPER=/usr/libexec/gcc/x86_64-redhat-linux/4.8.5/lto-wrapper
Target: x86_64-redhat-linux
Configured with: ../configure --prefix=/usr --mandir=/usr/share/man --infodir=/usr/share/info --with-bugurl=http://bugzilla.redhat.com/bugzilla --enable-bootstrap --enable-shared --enable-threads=posix --enable-checking=release --with-system-zlib --enable-__cxa_atexit --disable-libunwind-exceptions --enable-gnu-unique-object --enable-linker-build-id --with-linker-hash-style=gnu --enable-languages=c,c++,objc,obj-c++,java,fortran,ada,go,lto --enable-plugin --enable-initfini-array --disable-libgcj --with-isl=/builddir/build/BUILD/gcc-4.8.5-20150702/obj-x86_64-redhat-linux/isl-install --with-cloog=/builddir/build/BUILD/gcc-4.8.5-20150702/obj-x86_64-redhat-linux/cloog-install --enable-gnu-indirect-function --with-tune=generic --with-arch_32=x86-64 --build=x86_64-redhat-linux
Thread model: posix
gcc version 4.8.5 20150623 (Red Hat 4.8.5-16) (GCC) 
configure:4883: $? = 0
configure:4872: g++ -V >&5
g++: error: unrecognized command line option '-V'
g++: fatal error: no input files
compilation terminated.
configure:4883: $? = 4
configure:4872: g++ -qversion >&5
g++: error: unrecognized command line option '-qversion'
g++: fatal error: no input files
compilation terminated.
configure:4883: $? = 4
configure:4887: checking whether we are using the GNU C++ compiler
configure:4906: g++ -c   conftest.cpp >&5
configure:4906: $? = 0
configure:4915: result: yes
configure:4924: checking whether g++ accepts -g
configure:4944: g++ -c -g  conftest.cpp >&5
configure:4944: $? = 0
configure:4985: result: yes
configure:5074: checking for gnatbind
configure:5090: found /usr/bin/gnatbind
configure:5101: result: gnatbind
configure:5166: checking for gnatmake
configure:5182: found /usr/bin/gnatmake
configure:5193: result: gnatmake
configure:5215: checking whether compiler driver understands Ada
configure:5238: result: yes
configure:5247: checking how to compare bootstrapped objects
configure:5272: result: cmp --ignore-initial=16 $$f1 $$f2
configure:5754: checking for version 0.10 of PPL
configure:5771: gcc -c -g -O2    conftest.c >&5
conftest.c:9:19: fatal error: ppl_c.h: No such file or directory
 #include "ppl_c.h"
                   ^
compilation terminated.
configure:5771: $? = 1
configure: failed program was:
| /* confdefs.h */
| #define PACKAGE_NAME ""
| #define PACKAGE_TARNAME ""
| #define PACKAGE_VERSION ""
| #define PACKAGE_STRING ""
| #define PACKAGE_BUGREPORT ""
| #define PACKAGE_URL ""
| /* end confdefs.h.  */
| #include "ppl_c.h"
| int
| main ()
| {
| 
|   #if PPL_VERSION_MAJOR != 0 || PPL_VERSION_MINOR != 10
|   choke me
|   #endif
| 
|   ;
|   return 0;
| }
configure:5775: result: no
configure:5955: checking how to run the C preprocessor
configure:5986: gcc -E  -I/usr/include/libelf conftest.c
configure:5986: $? = 0
configure:6000: gcc -E  -I/usr/include/libelf conftest.c
conftest.c:9:28: fatal error: ac_nonexistent.h: No such file or directory
 #include <ac_nonexistent.h>
                            ^
compilation terminated.
configure:6000: $? = 1
configure: failed program was:
| /* confdefs.h */
| #define PACKAGE_NAME ""
| #define PACKAGE_TARNAME ""
| #define PACKAGE_VERSION ""
| #define PACKAGE_STRING ""
| #define PACKAGE_BUGREPORT ""
| #define PACKAGE_URL ""
| /* end confdefs.h.  */
| #include <ac_nonexistent.h>
configure:6025: result: gcc -E
configure:6045: gcc -E  -I/usr/include/libelf conftest.c
configure:6045: $? = 0
configure:6059: gcc -E  -I/usr/include/libelf conftest.c
conftest.c:9:28: fatal error: ac_nonexistent.h: No such file or directory
 #include <ac_nonexistent.h>
                            ^
compilation terminated.
configure:6059: $? = 1
configure: failed program was:
| /* confdefs.h */
| #define PACKAGE_NAME ""
| #define PACKAGE_TARNAME ""
| #define PACKAGE_VERSION ""
| #define PACKAGE_STRING ""
| #define PACKAGE_BUGREPORT ""
| #define PACKAGE_URL ""
| /* end confdefs.h.  */
| #include <ac_nonexistent.h>
configure:6088: checking for grep that handles long lines and -e
configure:6146: result: /usr/bin/grep
configure:6151: checking for egrep
configure:6213: result: /usr/bin/grep -E
configure:6218: checking for ANSI C header files
configure:6238: gcc -c -g -O2 -I/usr/include/libelf  -I/usr/include/libelf conftest.c >&5
configure:6238: $? = 0
configure:6311: gcc -o conftest -g -O2 -I/usr/include/libelf  -I/usr/include/libelf  conftest.c  -lelf >&5
configure:6311: $? = 0
configure:6311: ./conftest
configure:6311: $? = 0
configure:6322: result: yes
configure:6335: checking for sys/types.h
configure:6335: gcc -c -g -O2 -I/usr/include/libelf  -I/usr/include/libelf conftest.c >&5
configure:6335: $? = 0
configure:6335: result: yes
configure:6335: checking for sys/stat.h
configure:6335: gcc -c -g -O2 -I/usr/include/libelf  -I/usr/include/libelf conftest.c >&5
configure:6335: $? = 0
configure:6335: result: yes
configure:6335: checking for stdlib.h
configure:6335: gcc -c -g -O2 -I/usr/include/libelf  -I/usr/include/libelf conftest.c >&5
configure:6335: $? = 0
configure:6335: result: yes
configure:6335: checking for string.h
configure:6335: gcc -c -g -O2 -I/usr/include/libelf  -I/usr/include/libelf conftest.c >&5
configure:6335: $? = 0
configure:6335: result: yes
configure:6335: checking for memory.h
configure:6335: gcc -c -g -O2 -I/usr/include/libelf  -I/usr/include/libelf conftest.c >&5
configure:6335: $? = 0
configure:6335: result: yes
configure:6335: checking for strings.h
configure:6335: gcc -c -g -O2 -I/usr/include/libelf  -I/usr/include/libelf conftest.c >&5
configure:6335: $? = 0
configure:6335: result: yes
configure:6335: checking for inttypes.h
configure:6335: gcc -c -g -O2 -I/usr/include/libelf  -I/usr/include/libelf conftest.c >&5
configure:6335: $? = 0
configure:6335: result: yes
configure:6335: checking for stdint.h
configure:6335: gcc -c -g -O2 -I/usr/include/libelf  -I/usr/include/libelf conftest.c >&5
configure:6335: $? = 0
configure:6335: result: yes
configure:6335: checking for unistd.h
configure:6335: gcc -c -g -O2 -I/usr/include/libelf  -I/usr/include/libelf conftest.c >&5
configure:6335: $? = 0
configure:6335: result: yes
configure:6350: checking libelf.h usability
configure:6350: gcc -c -g -O2 -I/usr/include/libelf  -I/usr/include/libelf conftest.c >&5
configure:6350: $? = 0
configure:6350: result: yes
configure:6350: checking libelf.h presence
configure:6350: gcc -E  -I/usr/include/libelf conftest.c
configure:6350: $? = 0
configure:6350: result: yes
configure:6350: checking for libelf.h
configure:6350: result: yes
configure:6362: checking gelf.h usability
configure:6362: gcc -c -g -O2 -I/usr/include/libelf  -I/usr/include/libelf conftest.c >&5
configure:6362: $? = 0
configure:6362: result: yes
configure:6362: checking gelf.h presence
configure:6362: gcc -E  -I/usr/include/libelf conftest.c
configure:6362: $? = 0
configure:6362: result: yes
configure:6362: checking for gelf.h
configure:6362: result: yes
configure:6375: checking libelf/libelf.h usability
configure:6375: gcc -c -g -O2 -I/usr/include/libelf  -I/usr/include/libelf conftest.c >&5
conftest.c:54:27: fatal error: libelf/libelf.h: No such file or directory
 #include <libelf/libelf.h>
                           ^
compilation terminated.
configure:6375: $? = 1
configure: failed program was:
| /* confdefs.h */
| #define PACKAGE_NAME ""
| #define PACKAGE_TARNAME ""
| #define PACKAGE_VERSION ""
| #define PACKAGE_STRING ""
| #define PACKAGE_BUGREPORT ""
| #define PACKAGE_URL ""
| #define STDC_HEADERS 1
| #define HAVE_SYS_TYPES_H 1
| #define HAVE_SYS_STAT_H 1
| #define HAVE_STDLIB_H 1
| #define HAVE_STRING_H 1
| #define HAVE_MEMORY_H 1
| #define HAVE_STRINGS_H 1
| #define HAVE_INTTYPES_H 1
| #define HAVE_STDINT_H 1
| #define HAVE_UNISTD_H 1
| #define HAVE_LIBELF_H 1
| #define HAVE_GELF_H 1
| /* end confdefs.h.  */
| #include <stdio.h>
| #ifdef HAVE_SYS_TYPES_H
| # include <sys/types.h>
| #endif
| #ifdef HAVE_SYS_STAT_H
| # include <sys/stat.h>
| #endif
| #ifdef STDC_HEADERS
| # include <stdlib.h>
| # include <stddef.h>
| #else
| # ifdef HAVE_STDLIB_H
| #  include <stdlib.h>
| # endif
| #endif
| #ifdef HAVE_STRING_H
| # if !defined STDC_HEADERS && defined HAVE_MEMORY_H
| #  include <memory.h>
| # endif
| # include <string.h>
| #endif
| #ifdef HAVE_STRINGS_H
| # include <strings.h>
| #endif
| #ifdef HAVE_INTTYPES_H
| # include <inttypes.h>
| #endif
| #ifdef HAVE_STDINT_H
| # include <stdint.h>
| #endif
| #ifdef HAVE_UNISTD_H
| # include <unistd.h>
| #endif
| #include <libelf/libelf.h>
configure:6375: result: no
configure:6375: checking libelf/libelf.h presence
configure:6375: gcc -E  -I/usr/include/libelf conftest.c
conftest.c:21:27: fatal error: libelf/libelf.h: No such file or directory
 #include <libelf/libelf.h>
                           ^
compilation terminated.
configure:6375: $? = 1
configure: failed program was:
| /* confdefs.h */
| #define PACKAGE_NAME ""
| #define PACKAGE_TARNAME ""
| #define PACKAGE_VERSION ""
| #define PACKAGE_STRING ""
| #define PACKAGE_BUGREPORT ""
| #define PACKAGE_URL ""
| #define STDC_HEADERS 1
| #define HAVE_SYS_TYPES_H 1
| #define HAVE_SYS_STAT_H 1
| #define HAVE_STDLIB_H 1
| #define HAVE_STRING_H 1
| #define HAVE_MEMORY_H 1
| #define HAVE_STRINGS_H 1
| #define HAVE_INTTYPES_H 1
| #define HAVE_STDINT_H 1
| #define HAVE_UNISTD_H 1
| #define HAVE_LIBELF_H 1
| #define HAVE_GELF_H 1
| /* end confdefs.h.  */
| #include <libelf/libelf.h>
configure:6375: result: no
configure:6375: checking for libelf/libelf.h
configure:6375: result: no
configure:6387: checking libelf/gelf.h usability
configure:6387: gcc -c -g -O2 -I/usr/include/libelf  -I/usr/include/libelf conftest.c >&5
conftest.c:54:25: fatal error: libelf/gelf.h: No such file or directory
 #include <libelf/gelf.h>
                         ^
compilation terminated.
configure:6387: $? = 1
configure: failed program was:
| /* confdefs.h */
| #define PACKAGE_NAME ""
| #define PACKAGE_TARNAME ""
| #define PACKAGE_VERSION ""
| #define PACKAGE_STRING ""
| #define PACKAGE_BUGREPORT ""
| #define PACKAGE_URL ""
| #define STDC_HEADERS 1
| #define HAVE_SYS_TYPES_H 1
| #define HAVE_SYS_STAT_H 1
| #define HAVE_STDLIB_H 1
| #define HAVE_STRING_H 1
| #define HAVE_MEMORY_H 1
| #define HAVE_STRINGS_H 1
| #define HAVE_INTTYPES_H 1
| #define HAVE_STDINT_H 1
| #define HAVE_UNISTD_H 1
| #define HAVE_LIBELF_H 1
| #define HAVE_GELF_H 1
| /* end confdefs.h.  */
| #include <stdio.h>
| #ifdef HAVE_SYS_TYPES_H
| # include <sys/types.h>
| #endif
| #ifdef HAVE_SYS_STAT_H
| # include <sys/stat.h>
| #endif
| #ifdef STDC_HEADERS
| # include <stdlib.h>
| # include <stddef.h>
| #else
| # ifdef HAVE_STDLIB_H
| #  include <stdlib.h>
| # endif
| #endif
| #ifdef HAVE_STRING_H
| # if !defined STDC_HEADERS && defined HAVE_MEMORY_H
| #  include <memory.h>
| # endif
| # include <string.h>
| #endif
| #ifdef HAVE_STRINGS_H
| # include <strings.h>
| #endif
| #ifdef HAVE_INTTYPES_H
| # include <inttypes.h>
| #endif
| #ifdef HAVE_STDINT_H
| # include <stdint.h>
| #endif
| #ifdef HAVE_UNISTD_H
| # include <unistd.h>
| #endif
| #include <libelf/gelf.h>
configure:6387: result: no
configure:6387: checking libelf/gelf.h presence
configure:6387: gcc -E  -I/usr/include/libelf conftest.c
conftest.c:21:25: fatal error: libelf/gelf.h: No such file or directory
 #include <libelf/gelf.h>
                         ^
compilation terminated.
configure:6387: $? = 1
configure: failed program was:
| /* confdefs.h */
| #define PACKAGE_NAME ""
| #define PACKAGE_TARNAME ""
| #define PACKAGE_VERSION ""
| #define PACKAGE_STRING ""
| #define PACKAGE_BUGREPORT ""
| #define PACKAGE_URL ""
| #define STDC_HEADERS 1
| #define HAVE_SYS_TYPES_H 1
| #define HAVE_SYS_STAT_H 1
| #define HAVE_STDLIB_H 1
| #define HAVE_STRING_H 1
| #define HAVE_MEMORY_H 1
| #define HAVE_STRINGS_H 1
| #define HAVE_INTTYPES_H 1
| #define HAVE_STDINT_H 1
| #define HAVE_UNISTD_H 1
| #define HAVE_LIBELF_H 1
| #define HAVE_GELF_H 1
| /* end confdefs.h.  */
| #include <libelf/gelf.h>
configure:6387: result: no
configure:6387: checking for libelf/gelf.h
configure:6387: result: no
configure:6426: checking for the correct version of libelf
configure:6449: gcc -o conftest -g -O2 -I/usr/include/libelf  -I/usr/include/libelf  conftest.c  -lelf >&5
configure:6449: $? = 0
configure:6450: result: yes
configure:7448: checking for default BUILD_CONFIG
configure:7480: result: 
configure:7921: checking for bison
configure:7937: found /usr/bin/bison
configure:7948: result: bison -y
configure:7969: checking for bison
configure:7985: found /usr/bin/bison
configure:7996: result: bison
configure:8016: checking for gm4
configure:8046: result: no
configure:8016: checking for gnum4
configure:8046: result: no
configure:8016: checking for m4
configure:8032: found /usr/bin/m4
configure:8043: result: m4
configure:8063: checking for flex
configure:8079: found /usr/bin/flex
configure:8090: result: flex
configure:8111: checking for flex
configure:8127: found /usr/bin/flex
configure:8138: result: flex
configure:8158: checking for makeinfo
configure:8174: found /usr/bin/makeinfo
configure:8185: result: makeinfo
configure:8219: checking for expect
configure:8235: found /usr/bin/expect
configure:8246: result: expect
configure:8268: checking for runtest
configure:8284: found /usr/bin/runtest
configure:8295: result: runtest
configure:8413: checking for ar
configure:8429: found /usr/bin/ar
configure:8440: result: ar
configure:8554: checking for as
configure:8570: found /usr/bin/as
configure:8581: result: as
configure:8695: checking for dlltool
configure:8725: result: no
configure:8836: checking for ld
configure:8852: found /usr/bin/ld
configure:8863: result: ld
configure:8977: checking for lipo
configure:9007: result: no
configure:9118: checking for nm
configure:9134: found /usr/bin/nm
configure:9145: result: nm
configure:9259: checking for ranlib
configure:9275: found /usr/bin/ranlib
configure:9286: result: ranlib
configure:9395: checking for strip
configure:9411: found /usr/bin/strip
configure:9422: result: strip
configure:9531: checking for windres
configure:9561: result: no
configure:9672: checking for windmc
configure:9702: result: no
configure:9813: checking for objcopy
configure:9829: found /usr/bin/objcopy
configure:9840: result: objcopy
configure:9954: checking for objdump
configure:9970: found /usr/bin/objdump
configure:9981: result: objdump
configure:10036: checking for cc
configure:10063: result: /scratch/soham/llvm/llvm5/build/bin/clang --target=x86_64-unknown-linux-elf -ffreestanding -Wl,-undefined,dynamic_lookup
configure:10036: checking for gcc
configure:10063: result: /scratch/soham/llvm/llvm5/build/bin/clang --target=x86_64-unknown-linux-elf -ffreestanding -Wl,-undefined,dynamic_lookup
configure:10256: checking for x86_64-unknown-linux-c++
configure:10286: result: no
configure:10295: checking for c++
configure:10311: found /usr/bin/c++
configure:10322: result: c++
configure:10417: checking for x86_64-unknown-linux-gcc
configure:10447: result: no
configure:10456: checking for gcc
configure:10472: found /usr/bin/gcc
configure:10483: result: gcc
configure:10573: checking for x86_64-unknown-linux-gcj
configure:10603: result: no
configure:10612: checking for gcj
configure:10642: result: no
configure:10734: checking for x86_64-unknown-linux-gfortran
configure:10764: result: no
configure:10773: checking for gfortran
configure:10789: found /usr/bin/gfortran
configure:10800: result: gfortran
configure:10916: checking for ar
configure:10943: result: /scratch/soham/llvm/llvm5/build/bin/llvm-ar
configure:11205: checking for x86_64-unknown-linux-as
configure:11235: result: no
configure:11244: checking for as
configure:11260: found /usr/bin/as
configure:11271: result: as
configure:11435: checking for x86_64-unknown-linux-dlltool
configure:11465: result: no
configure:11474: checking for dlltool
configure:11504: result: no
configure:11606: checking for ld
configure:11633: result: /scratch/soham/llvm/llvm5/build/bin/llvm-ld.lld
configure:11895: checking for x86_64-unknown-linux-lipo
configure:11925: result: no
configure:11934: checking for lipo
configure:11964: result: no
configure:12066: checking for nm
configure:12093: result: /scratch/soham/llvm/llvm5/build/bin/llvm-nm
configure:12355: checking for x86_64-unknown-linux-objdump
configure:12385: result: no
configure:12394: checking for objdump
configure:12410: found /usr/bin/objdump
configure:12421: result: objdump
configure:12526: checking for ranlib
configure:12553: result: /scratch/soham/llvm/llvm5/build/bin/llvm-ranlib
configure:12815: checking for x86_64-unknown-linux-strip
configure:12845: result: no
configure:12854: checking for strip
configure:12870: found /usr/bin/strip
configure:12881: result: strip
configure:13045: checking for x86_64-unknown-linux-windres
configure:13075: result: no
configure:13084: checking for windres
configure:13114: result: no
configure:13275: checking for x86_64-unknown-linux-windmc
configure:13305: result: no
configure:13314: checking for windmc
configure:13344: result: no
configure:13372: checking where to find the target ar
configure:13400: result: pre-installed in /scratch/soham/llvm/llvm5/build/bin
configure:13414: checking where to find the target as
configure:13447: result: host tool
configure:13456: checking where to find the target cc
configure:13484: result: pre-installed in 
configure:13498: checking where to find the target c++
configure:13534: result: host tool
configure:13543: checking where to find the target c++ for libstdc++
configure:13579: result: host tool
configure:13588: checking where to find the target dlltool
configure:13621: result: host tool
configure:13630: checking where to find the target gcc
configure:13663: result: host tool
configure:13672: checking where to find the target gcj
configure:13708: result: host tool
configure:13717: checking where to find the target gfortran
configure:13753: result: host tool
configure:13762: checking where to find the target ld
configure:13790: result: pre-installed in /scratch/soham/llvm/llvm5/build/bin
configure:13804: checking where to find the target lipo
configure:13826: result: host tool
configure:13835: checking where to find the target nm
configure:13863: result: pre-installed in /scratch/soham/llvm/llvm5/build/bin
configure:13877: checking where to find the target objdump
configure:13910: result: host tool
configure:13919: checking where to find the target ranlib
configure:13947: result: pre-installed in /scratch/soham/llvm/llvm5/build/bin
configure:13961: checking where to find the target strip
configure:13994: result: host tool
configure:14003: checking where to find the target windres
configure:14036: result: host tool
configure:14045: checking where to find the target windmc
configure:14078: result: host tool
configure:14115: checking whether to enable maintainer-specific portions of Makefiles
configure:14124: result: no
configure:14157: checking whether -fkeep-inline-functions is supported
configure:14176: gcc -c -g -O2 -fkeep-inline-functions  conftest.c >&5
configure:14176: $? = 0
configure:14177: result: yes
configure:14374: creating ./config.status

## ---------------------- ##
## Running config.status. ##
## ---------------------- ##

This file was extended by config.status, which was
generated by GNU Autoconf 2.64.  Invocation command line was

  CONFIG_FILES    = 
  CONFIG_HEADERS  = 
  CONFIG_LINKS    = 
  CONFIG_COMMANDS = 
  $ ./config.status 

on mrbig.bu.edu

config.status:903: creating Makefile

## ---------------- ##
## Cache variables. ##
## ---------------- ##

ac_cv_build=x86_64-unknown-linux-gnu
ac_cv_c_compiler_gnu=yes
ac_cv_cxx_compiler_gnu=yes
ac_cv_env_AR_FOR_TARGET_set=set
ac_cv_env_AR_FOR_TARGET_value=/scratch/soham/llvm/llvm5/build/bin/llvm-ar
ac_cv_env_AR_set=
ac_cv_env_AR_value=
ac_cv_env_AS_FOR_TARGET_set=
ac_cv_env_AS_FOR_TARGET_value=
ac_cv_env_AS_set=
ac_cv_env_AS_value=
ac_cv_env_CCC_set=
ac_cv_env_CCC_value=
ac_cv_env_CC_FOR_TARGET_set=set
ac_cv_env_CC_FOR_TARGET_value='/scratch/soham/llvm/llvm5/build/bin/clang --target=x86_64-unknown-linux-elf -ffreestanding -Wl,-undefined,dynamic_lookup'
ac_cv_env_CC_set=
ac_cv_env_CC_value=
ac_cv_env_CFLAGS_set=
ac_cv_env_CFLAGS_value=
ac_cv_env_CPPFLAGS_set=
ac_cv_env_CPPFLAGS_value=
ac_cv_env_CPP_set=
ac_cv_env_CPP_value=
ac_cv_env_CXXFLAGS_set=
ac_cv_env_CXXFLAGS_value=
ac_cv_env_CXX_FOR_TARGET_set=
ac_cv_env_CXX_FOR_TARGET_value=
ac_cv_env_CXX_set=
ac_cv_env_CXX_value=
ac_cv_env_DLLTOOL_FOR_TARGET_set=
ac_cv_env_DLLTOOL_FOR_TARGET_value=
ac_cv_env_DLLTOOL_set=
ac_cv_env_DLLTOOL_value=
ac_cv_env_GCC_FOR_TARGET_set=
ac_cv_env_GCC_FOR_TARGET_value=
ac_cv_env_GCJ_FOR_TARGET_set=
ac_cv_env_GCJ_FOR_TARGET_value=
ac_cv_env_GFORTRAN_FOR_TARGET_set=
ac_cv_env_GFORTRAN_FOR_TARGET_value=
ac_cv_env_LDFLAGS_set=
ac_cv_env_LDFLAGS_value=
ac_cv_env_LD_FOR_TARGET_set=set
ac_cv_env_LD_FOR_TARGET_value=/scratch/soham/llvm/llvm5/build/bin/llvm-ld.lld
ac_cv_env_LD_set=
ac_cv_env_LD_value=
ac_cv_env_LIBS_set=
ac_cv_env_LIBS_value=
ac_cv_env_LIPO_FOR_TARGET_set=
ac_cv_env_LIPO_FOR_TARGET_value=
ac_cv_env_LIPO_set=
ac_cv_env_LIPO_value=
ac_cv_env_NM_FOR_TARGET_set=set
ac_cv_env_NM_FOR_TARGET_value=/scratch/soham/llvm/llvm5/build/bin/llvm-nm
ac_cv_env_NM_set=
ac_cv_env_NM_value=
ac_cv_env_OBJCOPY_set=
ac_cv_env_OBJCOPY_value=
ac_cv_env_OBJDUMP_FOR_TARGET_set=
ac_cv_env_OBJDUMP_FOR_TARGET_value=
ac_cv_env_OBJDUMP_set=
ac_cv_env_OBJDUMP_value=
ac_cv_env_RANLIB_FOR_TARGET_set=set
ac_cv_env_RANLIB_FOR_TARGET_value=/scratch/soham/llvm/llvm5/build/bin/llvm-ranlib
ac_cv_env_RANLIB_set=
ac_cv_env_RANLIB_value=
ac_cv_env_STRIP_FOR_TARGET_set=
ac_cv_env_STRIP_FOR_TARGET_value=
ac_cv_env_STRIP_set=
ac_cv_env_STRIP_value=
ac_cv_env_WINDMC_FOR_TARGET_set=
ac_cv_env_WINDMC_FOR_TARGET_value=
ac_cv_env_WINDMC_set=
ac_cv_env_WINDMC_value=
ac_cv_env_WINDRES_FOR_TARGET_set=
ac_cv_env_WINDRES_FOR_TARGET_value=
ac_cv_env_WINDRES_set=
ac_cv_env_WINDRES_value=
ac_cv_env_build_alias_set=
ac_cv_env_build_alias_value=
ac_cv_env_host_alias_set=
ac_cv_env_host_alias_value=
ac_cv_env_target_alias_set=set
ac_cv_env_target_alias_value=x86_64-unknown-linux
ac_cv_header_gelf_h=yes
ac_cv_header_inttypes_h=yes
ac_cv_header_libelf_gelf_h=no
ac_cv_header_libelf_h=yes
ac_cv_header_libelf_libelf_h=no
ac_cv_header_memory_h=yes
ac_cv_header_stdc=yes
ac_cv_header_stdint_h=yes
ac_cv_header_stdlib_h=yes
ac_cv_header_string_h=yes
ac_cv_header_strings_h=yes
ac_cv_header_sys_stat_h=yes
ac_cv_header_sys_types_h=yes
ac_cv_header_unistd_h=yes
ac_cv_host=x86_64-unknown-linux-gnu
ac_cv_objext=o
ac_cv_path_EGREP='/usr/bin/grep -E'
ac_cv_path_GREP=/usr/bin/grep
ac_cv_path_SED=/usr/bin/sed
ac_cv_path_install='/usr/bin/install -c'
ac_cv_prog_AR=ar
ac_cv_prog_AR_FOR_TARGET=/scratch/soham/llvm/llvm5/build/bin/llvm-ar
ac_cv_prog_AS=as
ac_cv_prog_AS_FOR_TARGET=as
ac_cv_prog_AWK=gawk
ac_cv_prog_BISON=bison
ac_cv_prog_CC_FOR_TARGET='/scratch/soham/llvm/llvm5/build/bin/clang --target=x86_64-unknown-linux-elf -ffreestanding -Wl,-undefined,dynamic_lookup'
ac_cv_prog_CPP='gcc -E'
ac_cv_prog_CXX_FOR_TARGET=c++
ac_cv_prog_EXPECT=expect
ac_cv_prog_FLEX=flex
ac_cv_prog_GCC_FOR_TARGET=gcc
ac_cv_prog_GFORTRAN_FOR_TARGET=gfortran
ac_cv_prog_LD=ld
ac_cv_prog_LD_FOR_TARGET=/scratch/soham/llvm/llvm5/build/bin/llvm-ld.lld
ac_cv_prog_LEX=flex
ac_cv_prog_M4=m4
ac_cv_prog_MAKEINFO=makeinfo
ac_cv_prog_NM=nm
ac_cv_prog_NM_FOR_TARGET=/scratch/soham/llvm/llvm5/build/bin/llvm-nm
ac_cv_prog_OBJCOPY=objcopy
ac_cv_prog_OBJDUMP=objdump
ac_cv_prog_OBJDUMP_FOR_TARGET=objdump
ac_cv_prog_RANLIB=ranlib
ac_cv_prog_RANLIB_FOR_TARGET=/scratch/soham/llvm/llvm5/build/bin/llvm-ranlib
ac_cv_prog_RUNTEST=runtest
ac_cv_prog_STRIP=strip
ac_cv_prog_STRIP_FOR_TARGET=strip
ac_cv_prog_YACC='bison -y'
ac_cv_prog_ac_ct_CC=gcc
ac_cv_prog_ac_ct_CXX=g++
ac_cv_prog_ac_ct_GNATBIND=gnatbind
ac_cv_prog_ac_ct_GNATMAKE=gnatmake
ac_cv_prog_cc_c89=
ac_cv_prog_cc_g=yes
ac_cv_prog_cxx_g=yes
ac_cv_target=x86_64-unknown-linux-gnu
acx_cv_cc_gcc_supports_ada=yes
acx_cv_prog_LN=ln
gcc_cv_prog_cmp_skip='cmp --ignore-initial=16 $$f1 $$f2'
gcc_cv_tool_dirs=
gcc_cv_tool_prefix=/scratch/soham/exp_newlibc/install-newlib-clang-linux

## ----------------- ##
## Output variables. ##
## ----------------- ##

AR='ar'
AR_FOR_BUILD='$(AR)'
AR_FOR_TARGET='/scratch/soham/llvm/llvm5/build/bin/llvm-ar'
AS='as'
AS_FOR_BUILD='$(AS)'
AS_FOR_TARGET='$(AS)'
AWK='gawk'
BISON='bison'
BUILD_CONFIG=''
CC='gcc'
CC_FOR_BUILD='$(CC)'
CC_FOR_TARGET='/scratch/soham/llvm/llvm5/build/bin/clang --target=x86_64-unknown-linux-elf -ffreestanding -Wl,-undefined,dynamic_lookup'
CFLAGS='-g -O2'
CFLAGS_FOR_BUILD='-g -O2'
CFLAGS_FOR_TARGET=' -O0 '
COMPILER_AS_FOR_TARGET='$(AS_FOR_TARGET)'
COMPILER_LD_FOR_TARGET='$(LD_FOR_TARGET)'
COMPILER_NM_FOR_TARGET='$(NM_FOR_TARGET)'
CONFIGURE_GDB_TK=''
CPP='gcc -E'
CPPFLAGS=''
CXX='g++'
CXXFLAGS='-g -O2'
CXXFLAGS_FOR_BUILD='-g -O2'
CXXFLAGS_FOR_TARGET='-g -O2'
CXX_FOR_BUILD='$(CXX)'
CXX_FOR_TARGET='$(CXX)'
DEBUG_PREFIX_CFLAGS_FOR_TARGET=''
DEFS='-DPACKAGE_NAME=\"\" -DPACKAGE_TARNAME=\"\" -DPACKAGE_VERSION=\"\" -DPACKAGE_STRING=\"\" -DPACKAGE_BUGREPORT=\"\" -DPACKAGE_URL=\"\" -DSTDC_HEADERS=1 -DHAVE_SYS_TYPES_H=1 -DHAVE_SYS_STAT_H=1 -DHAVE_STDLIB_H=1 -DHAVE_STRING_H=1 -DHAVE_MEMORY_H=1 -DHAVE_STRINGS_H=1 -DHAVE_INTTYPES_H=1 -DHAVE_STDINT_H=1 -DHAVE_UNISTD_H=1 -DHAVE_LIBELF_H=1 -DHAVE_GELF_H=1'
DLLTOOL='dlltool'
DLLTOOL_FOR_BUILD='$(DLLTOOL)'
DLLTOOL_FOR_TARGET='$(DLLTOOL)'
ECHO_C=''
ECHO_N='-n'
ECHO_T=''
EGREP='/usr/bin/grep -E'
EXEEXT=''
EXPECT='expect'
FLAGS_FOR_TARGET=''
FLEX='flex'
GCC_FOR_TARGET='$()'
GCC_SHLIB_SUBDIR=''
GCJ_FOR_BUILD='$(GCJ)'
GCJ_FOR_TARGET='$(GCJ)'
GDB_TK=''
GFORTRAN_FOR_BUILD='$(GFORTRAN)'
GFORTRAN_FOR_TARGET='$(GFORTRAN)'
GNATBIND='gnatbind'
GNATMAKE='gnatmake'
GREP='/usr/bin/grep'
INSTALL_DATA='${INSTALL} -m 644'
INSTALL_GDB_TK=''
INSTALL_PROGRAM='${INSTALL}'
INSTALL_SCRIPT='${INSTALL}'
LD='ld'
LDFLAGS=''
LDFLAGS_FOR_BUILD=''
LD_FOR_BUILD='$(LD)'
LD_FOR_TARGET='/scratch/soham/llvm/llvm5/build/bin/llvm-ld.lld'
LEX='flex'
LIBOBJS=''
LIBS=''
LIPO='lipo'
LIPO_FOR_TARGET='$(LIPO)'
LN='ln'
LN_S='ln -s'
LTLIBOBJS=''
M4='m4'
MAINT='#'
MAINTAINER_MODE_FALSE=''
MAINTAINER_MODE_TRUE='#'
MAKEINFO='makeinfo'
NM='nm'
NM_FOR_BUILD='$(NM)'
NM_FOR_TARGET='/scratch/soham/llvm/llvm5/build/bin/llvm-nm'
OBJCOPY='objcopy'
OBJDUMP='objdump'
OBJDUMP_FOR_TARGET='$(OBJDUMP)'
OBJEXT='o'
PACKAGE_BUGREPORT=''
PACKAGE_NAME=''
PACKAGE_STRING=''
PACKAGE_TARNAME=''
PACKAGE_URL=''
PACKAGE_VERSION=''
PATH_SEPARATOR=':'
RANLIB='ranlib'
RANLIB_FOR_BUILD='$(RANLIB)'
RANLIB_FOR_TARGET='/scratch/soham/llvm/llvm5/build/bin/llvm-ranlib'
RAW_CXX_FOR_TARGET='$(CXX)'
RPATH_ENVVAR='LD_LIBRARY_PATH'
RUNTEST='runtest'
SED='/usr/bin/sed'
SHELL='/bin/sh'
STRIP='strip'
STRIP_FOR_TARGET='$(STRIP)'
SYSROOT_CFLAGS_FOR_TARGET=''
TOPLEVEL_CONFIGURE_ARGUMENTS='../newlib-1.18.0/configure --target=x86_64-unknown-linux --prefix=/scratch/soham/exp_newlibc/install-newlib-clang-linux '\''CFLAGS_FOR_TARGET= -O0 '\'' '\''CC_FOR_TARGET=/scratch/soham/llvm/llvm5/build/bin/clang --target=x86_64-unknown-linux-elf -ffreestanding -Wl,-undefined,dynamic_lookup'\'' AR_FOR_TARGET=/scratch/soham/llvm/llvm5/build/bin/llvm-ar RANLIB_FOR_TARGET=/scratch/soham/llvm/llvm5/build/bin/llvm-ranlib LD_FOR_TARGET=/scratch/soham/llvm/llvm5/build/bin/llvm-ld.lld NM_FOR_TARGET=/scratch/soham/llvm/llvm5/build/bin/llvm-nm'
WINDMC='windmc'
WINDMC_FOR_BUILD='$(WINDMC)'
WINDMC_FOR_TARGET='$(WINDMC)'
WINDRES='windres'
WINDRES_FOR_BUILD='$(WINDRES)'
WINDRES_FOR_TARGET='$(WINDRES)'
YACC='bison -y'
ac_ct_CC='gcc'
ac_ct_CXX='g++'
bindir='${exec_prefix}/bin'
build='x86_64-unknown-linux-gnu'
build_alias=''
build_configargs='--cache-file=../config.cache '\''--prefix=/scratch/soham/exp_newlibc/install-newlib-clang-linux'\'' --program-transform-name='\''s&^&x86_64-unknown-linux-&'\'' --disable-option-checking'
build_configdirs=''
build_cpu='x86_64'
build_libsubdir='build-x86_64-unknown-linux-gnu'
build_noncanonical='x86_64-unknown-linux-gnu'
build_os='linux-gnu'
build_subdir='build-x86_64-unknown-linux-gnu'
build_tooldir='${exec_prefix}/x86_64-unknown-linux'
build_vendor='unknown'
clooginc=''
clooglibs=''
compare_exclusions='gcc/cc*-checksum$(objext) | gcc/ada/*tools/*'
config_shell='/bin/sh'
configdirs=' etc'
datadir='${datarootdir}'
datarootdir='${prefix}/share'
do_compare='cmp --ignore-initial=16 $$f1 $$f2'
docdir='${datarootdir}/doc/${PACKAGE}'
dvidir='${docdir}'
exec_prefix='${prefix}'
extra_host_libiberty_configure_flags=''
extra_mpc_gmp_configure_flags=''
extra_mpc_mpfr_configure_flags=''
extra_mpfr_configure_flags=''
gmpinc=''
gmplibs='-lmpc -lmpfr -lgmp'
host='x86_64-unknown-linux-gnu'
host_alias=''
host_configargs='--cache-file=./config.cache  --with-system-zlib '\''--prefix=/scratch/soham/exp_newlibc/install-newlib-clang-linux'\'' --program-transform-name='\''s&^&x86_64-unknown-linux-&'\'' --disable-option-checking'
host_cpu='x86_64'
host_noncanonical='x86_64-unknown-linux-gnu'
host_os='linux-gnu'
host_subdir='.'
host_vendor='unknown'
htmldir='${docdir}'
includedir='${prefix}/include'
infodir='${datarootdir}/info'
libdir='${exec_prefix}/lib'
libelfinc='-I/usr/include/libelf'
libelflibs='-lelf'
libexecdir='${exec_prefix}/libexec'
localedir='${datarootdir}/locale'
localstatedir='${prefix}/var'
mandir='${datarootdir}/man'
oldincludedir='/usr/include'
pdfdir='${docdir}'
poststage1_ldflags=''
poststage1_libs=''
pplinc=''
ppllibs=''
prefix='/scratch/soham/exp_newlibc/install-newlib-clang-linux'
program_transform_name='s&^&x86_64-unknown-linux-&'
psdir='${docdir}'
sbindir='${exec_prefix}/sbin'
sharedstatedir='${prefix}/com'
stage1_cflags='-g -fkeep-inline-functions'
stage1_checking='--enable-checking=yes,types'
stage1_languages=',c,'
stage1_ldflags=''
stage1_libs=''
stage2_werror_flag=''
sysconfdir='${prefix}/etc'
target='x86_64-unknown-linux-gnu'
target_alias='x86_64-unknown-linux'
target_configargs='--cache-file=./config.cache --enable-multilib '\''--prefix=/scratch/soham/exp_newlibc/install-newlib-clang-linux'\'' --program-transform-name='\''s&^&x86_64-unknown-linux-&'\'' --disable-option-checking'
target_cpu='x86_64'
target_noncanonical='x86_64-unknown-linux'
target_os='linux-gnu'
target_subdir='x86_64-unknown-linux'
target_vendor='unknown'
tooldir='${exec_prefix}/x86_64-unknown-linux'

## ------------------- ##
## File substitutions. ##
## ------------------- ##

alphaieee_frag='/dev/null'
host_makefile_frag='/dev/null'
ospace_frag='/dev/null'
serialization_dependencies='serdep.tmp'
target_makefile_frag='../newlib-1.18.0/config/mt-gnu'

## ----------- ##
## confdefs.h. ##
## ----------- ##

/* confdefs.h */
#define PACKAGE_NAME ""
#define PACKAGE_TARNAME ""
#define PACKAGE_VERSION ""
#define PACKAGE_STRING ""
#define PACKAGE_BUGREPORT ""
#define PACKAGE_URL ""
#define STDC_HEADERS 1
#define HAVE_SYS_TYPES_H 1
#define HAVE_SYS_STAT_H 1
#define HAVE_STDLIB_H 1
#define HAVE_STRING_H 1
#define HAVE_MEMORY_H 1
#define HAVE_STRINGS_H 1
#define HAVE_INTTYPES_H 1
#define HAVE_STDINT_H 1
#define HAVE_UNISTD_H 1
#define HAVE_LIBELF_H 1
#define HAVE_GELF_H 1

configure: exit 0
